# JRE version: OpenJDK Runtime Environment (Zulu 8.52.0.23-CA-win64) (8.0_282-b08) (build 1.8.0_282-b08)
# Java VM: OpenJDK 64-Bit Server VM (25.282-b08 mixed mode windows-amd64 compressed oops)
Heap:
 PSYoungGen      total 129536K, used 22256K [0x00000000d5580000, 0x00000000df680000, 0x0000000100000000)
  eden space 121344K, 11% used [0x00000000d5580000,0x00000000d6343878,0x00000000dcc00000)
  from space 8192K, 99% used [0x00000000dcc00000,0x00000000dd3f8878,0x00000000dd400000)
  to   space 11264K, 0% used [0x00000000deb80000,0x00000000deb80000,0x00000000df680000)
 ParOldGen       total 67072K, used 16595K [0x0000000080000000, 0x0000000084180000, 0x00000000d5580000)
  object space 67072K, 24% used [0x0000000080000000,0x0000000081034df8,0x0000000084180000)
 Metaspace       used 30563K, capacity 31426K, committed 31616K, reserved 1077248K
  class space    used 3645K, capacity 3906K, committed 3968K, reserved 1048576K
GC Heap History (10 events):
Event: 5.813 GC heap before
{Heap before GC invocations=8 (full 1):
 PSYoungGen      total 72704K, used 5919K [0x00000000d5580000, 0x00000000de380000, 0x0000000100000000)
  eden space 64512K, 0% used [0x00000000d5580000,0x00000000d5580000,0x00000000d9480000)
  from space 8192K, 72% used [0x00000000d9480000,0x00000000d9a47ff0,0x00000000d9c80000)
  to   space 8192K, 0% used [0x00000000ddb80000,0x00000000ddb80000,0x00000000de380000)
 ParOldGen       total 86016K, used 5638K [0x0000000080000000, 0x0000000085400000, 0x00000000d5580000)
  object space 86016K, 6% used [0x0000000080000000,0x0000000080581ae8,0x0000000085400000)
 Metaspace       used 20769K, capacity 21072K, committed 21296K, reserved 1069056K
  class space    used 2313K, capacity 2424K, committed 2432K, reserved 1048576K
Event: 5.930 GC heap after
Heap after GC invocations=8 (full 1):
 PSYoungGen      total 72704K, used 0K [0x00000000d5580000, 0x00000000de380000, 0x0000000100000000)
  eden space 64512K, 0% used [0x00000000d5580000,0x00000000d5580000,0x00000000d9480000)
  from space 8192K, 0% used [0x00000000d9480000,0x00000000d9480000,0x00000000d9c80000)
  to   space 8192K, 0% used [0x00000000ddb80000,0x00000000ddb80000,0x00000000de380000)
 ParOldGen       total 67072K, used 10157K [0x0000000080000000, 0x0000000084180000, 0x00000000d5580000)
  object space 67072K, 15% used [0x0000000080000000,0x00000000809eb4b8,0x0000000084180000)
 Metaspace       used 20769K, capacity 21072K, committed 21296K, reserved 1069056K
  class space    used 2313K, capacity 2424K, committed 2432K, reserved 1048576K
}
Event: 6.834 GC heap before
{Heap before GC invocations=9 (full 1):
 PSYoungGen      total 72704K, used 64512K [0x00000000d5580000, 0x00000000de380000, 0x0000000100000000)
  eden space 64512K, 100% used [0x00000000d5580000,0x00000000d9480000,0x00000000d9480000)
  from space 8192K, 0% used [0x00000000d9480000,0x00000000d9480000,0x00000000d9c80000)
  to   space 8192K, 0% used [0x00000000ddb80000,0x00000000ddb80000,0x00000000de380000)
 ParOldGen       total 67072K, used 10157K [0x0000000080000000, 0x0000000084180000, 0x00000000d5580000)
  object space 67072K, 15% used [0x0000000080000000,0x00000000809eb4b8,0x0000000084180000)
 Metaspace       used 21864K, capacity 22200K, committed 22448K, reserved 1069056K
  class space    used 2419K, capacity 2541K, committed 2560K, reserved 1048576K
Event: 6.838 GC heap after
Heap after GC invocations=9 (full 1):
 PSYoungGen      total 88576K, used 2480K [0x00000000d5580000, 0x00000000dde00000, 0x0000000100000000)
  eden space 86016K, 0% used [0x00000000d5580000,0x00000000d5580000,0x00000000da980000)
  from space 2560K, 96% used [0x00000000ddb80000,0x00000000dddec160,0x00000000dde00000)
  to   space 8192K, 0% used [0x00000000dce00000,0x00000000dce00000,0x00000000dd600000)
 ParOldGen       total 67072K, used 10165K [0x0000000080000000, 0x0000000084180000, 0x00000000d5580000)
  object space 67072K, 15% used [0x0000000080000000,0x00000000809ed4b8,0x0000000084180000)
 Metaspace       used 21864K, capacity 22200K, committed 22448K, reserved 1069056K
  class space    used 2419K, capacity 2541K, committed 2560K, reserved 1048576K
}
Event: 7.411 GC heap before
{Heap before GC invocations=10 (full 1):
 PSYoungGen      total 88576K, used 88496K [0x00000000d5580000, 0x00000000dde00000, 0x0000000100000000)
  eden space 86016K, 100% used [0x00000000d5580000,0x00000000da980000,0x00000000da980000)
  from space 2560K, 96% used [0x00000000ddb80000,0x00000000dddec160,0x00000000dde00000)
  to   space 8192K, 0% used [0x00000000dce00000,0x00000000dce00000,0x00000000dd600000)
 ParOldGen       total 67072K, used 10165K [0x0000000080000000, 0x0000000084180000, 0x00000000d5580000)
  object space 67072K, 15% used [0x0000000080000000,0x00000000809ed4b8,0x0000000084180000)
 Metaspace       used 22277K, capacity 22598K, committed 22960K, reserved 1069056K
  class space    used 2438K, capacity 2543K, committed 2560K, reserved 1048576K
Event: 7.418 GC heap after
Heap after GC invocations=10 (full 1):
 PSYoungGen      total 109056K, used 5088K [0x00000000d5580000, 0x00000000ddc00000, 0x0000000100000000)
  eden space 103936K, 0% used [0x00000000d5580000,0x00000000d5580000,0x00000000dbb00000)
  from space 5120K, 99% used [0x00000000dce00000,0x00000000dd2f8268,0x00000000dd300000)
  to   space 8192K, 0% used [0x00000000dd400000,0x00000000dd400000,0x00000000ddc00000)
 ParOldGen       total 67072K, used 10173K [0x0000000080000000, 0x0000000084180000, 0x00000000d5580000)
  object space 67072K, 15% used [0x0000000080000000,0x00000000809ef4b8,0x0000000084180000)
 Metaspace       used 22277K, capacity 22598K, committed 22960K, reserved 1069056K
  class space    used 2438K, capacity 2543K, committed 2560K, reserved 1048576K
}
Event: 8.806 GC heap before
{Heap before GC invocations=11 (full 1):
 PSYoungGen      total 109056K, used 109024K [0x00000000d5580000, 0x00000000ddc00000, 0x0000000100000000)
  eden space 103936K, 100% used [0x00000000d5580000,0x00000000dbb00000,0x00000000dbb00000)
  from space 5120K, 99% used [0x00000000dce00000,0x00000000dd2f8268,0x00000000dd300000)
  to   space 8192K, 0% used [0x00000000dd400000,0x00000000dd400000,0x00000000ddc00000)
 ParOldGen       total 67072K, used 10173K [0x0000000080000000, 0x0000000084180000, 0x00000000d5580000)
  object space 67072K, 15% used [0x0000000080000000,0x00000000809ef4b8,0x0000000084180000)
 Metaspace       used 22571K, capacity 22942K, committed 23168K, reserved 1069056K
  class space    used 2481K, capacity 2615K, committed 2688K, reserved 1048576K
Event: 8.816 GC heap after
Heap after GC invocations=11 (full 1):
 PSYoungGen      total 129536K, used 6288K [0x00000000d5580000, 0x00000000ddf00000, 0x0000000100000000)
  eden space 121344K, 0% used [0x00000000d5580000,0x00000000d5580000,0x00000000dcc00000)
  from space 8192K, 76% used [0x00000000dd400000,0x00000000dda24010,0x00000000ddc00000)
  to   space 8192K, 0% used [0x00000000dcc00000,0x00000000dcc00000,0x00000000dd400000)
 ParOldGen       total 67072K, used 10173K [0x0000000080000000, 0x0000000084180000, 0x00000000d5580000)
  object space 67072K, 15% used [0x0000000080000000,0x00000000809ef4b8,0x0000000084180000)
 Metaspace       used 22571K, capacity 22942K, committed 23168K, reserved 1069056K
  class space    used 2481K, capacity 2615K, committed 2688K, reserved 1048576K
}
Event: 18.049 GC heap before
{Heap before GC invocations=12 (full 1):
 PSYoungGen      total 129536K, used 127632K [0x00000000d5580000, 0x00000000ddf00000, 0x0000000100000000)
  eden space 121344K, 100% used [0x00000000d5580000,0x00000000dcc00000,0x00000000dcc00000)
  from space 8192K, 76% used [0x00000000dd400000,0x00000000dda24010,0x00000000ddc00000)
  to   space 8192K, 0% used [0x00000000dcc00000,0x00000000dcc00000,0x00000000dd400000)
 ParOldGen       total 67072K, used 10173K [0x0000000080000000, 0x0000000084180000, 0x00000000d5580000)
  object space 67072K, 15% used [0x0000000080000000,0x00000000809ef4b8,0x0000000084180000)
 Metaspace       used 30434K, capacity 31348K, committed 31616K, reserved 1077248K
  class space    used 3630K, capacity 3901K, committed 3968K, reserved 1048576K
Event: 18.074 GC heap after
Heap after GC invocations=12 (full 1):
 PSYoungGen      total 129536K, used 8162K [0x00000000d5580000, 0x00000000df680000, 0x0000000100000000)
  eden space 121344K, 0% used [0x00000000d5580000,0x00000000d5580000,0x00000000dcc00000)
  from space 8192K, 99% used [0x00000000dcc00000,0x00000000dd3f8878,0x00000000dd400000)
  to   space 11264K, 0% used [0x00000000deb80000,0x00000000deb80000,0x00000000df680000)
 ParOldGen       total 67072K, used 16595K [0x0000000080000000, 0x0000000084180000, 0x00000000d5580000)
  object space 67072K, 24% used [0x0000000080000000,0x0000000081034df8,0x0000000084180000)
 Metaspace       used 30434K, capacity 31348K, committed 31616K, reserved 1077248K
  class space    used 3630K, capacity 3901K, committed 3968K, reserved 1048576K
}

