# JRE version: OpenJDK Runtime Environment (Zulu 8.52.0.23-CA-win64) (8.0_282-b08) (build 1.8.0_282-b08)
# Java VM: OpenJDK 64-Bit Server VM (25.282-b08 mixed mode windows-amd64 compressed oops)
Heap:
 PSYoungGen      total 129536K, used 19936K [0x00000000d5580000, 0x00000000e0400000, 0x0000000100000000)
  eden space 121344K, 9% used [0x00000000d5580000,0x00000000d60f9100,0x00000000dcc00000)
  from space 8192K, 99% used [0x00000000dd700000,0x00000000ddeff190,0x00000000ddf00000)
  to   space 11264K, 0% used [0x00000000dcc00000,0x00000000dcc00000,0x00000000dd700000)
 ParOldGen       total 61952K, used 15931K [0x0000000080000000, 0x0000000083c80000, 0x00000000d5580000)
  object space 61952K, 25% used [0x0000000080000000,0x0000000080f8edf8,0x0000000083c80000)
 Metaspace       used 30383K, capacity 31234K, committed 31360K, reserved 1077248K
  class space    used 3617K, capacity 3868K, committed 3968K, reserved 1048576K
GC Heap History (10 events):
Event: 7.692 GC heap before
{Heap before GC invocations=7 (full 0):
 PSYoungGen      total 71680K, used 62064K [0x00000000d5580000, 0x00000000da580000, 0x0000000100000000)
  eden space 64512K, 85% used [0x00000000d5580000,0x00000000d8b52de8,0x00000000d9480000)
  from space 7168K, 96% used [0x00000000d9c80000,0x00000000da349248,0x00000000da380000)
  to   space 8192K, 0% used [0x00000000d9480000,0x00000000d9480000,0x00000000d9c80000)
 ParOldGen       total 86016K, used 2372K [0x0000000080000000, 0x0000000085400000, 0x00000000d5580000)
  object space 86016K, 2% used [0x0000000080000000,0x0000000080251398,0x0000000085400000)
 Metaspace       used 20814K, capacity 21072K, committed 21296K, reserved 1069056K
  class space    used 2313K, capacity 2424K, committed 2432K, reserved 1048576K
Event: 7.711 GC heap after
Heap after GC invocations=7 (full 0):
 PSYoungGen      total 72704K, used 5868K [0x00000000d5580000, 0x00000000de280000, 0x0000000100000000)
  eden space 64512K, 0% used [0x00000000d5580000,0x00000000d5580000,0x00000000d9480000)
  from space 8192K, 71% used [0x00000000d9480000,0x00000000d9a3b1f8,0x00000000d9c80000)
  to   space 7680K, 0% used [0x00000000ddb00000,0x00000000ddb00000,0x00000000de280000)
 ParOldGen       total 86016K, used 5681K [0x0000000080000000, 0x0000000085400000, 0x00000000d5580000)
  object space 86016K, 6% used [0x0000000080000000,0x000000008058c7f8,0x0000000085400000)
 Metaspace       used 20814K, capacity 21072K, committed 21296K, reserved 1069056K
  class space    used 2313K, capacity 2424K, committed 2432K, reserved 1048576K
}
Event: 7.711 GC heap before
{Heap before GC invocations=8 (full 1):
 PSYoungGen      total 72704K, used 5868K [0x00000000d5580000, 0x00000000de280000, 0x0000000100000000)
  eden space 64512K, 0% used [0x00000000d5580000,0x00000000d5580000,0x00000000d9480000)
  from space 8192K, 71% used [0x00000000d9480000,0x00000000d9a3b1f8,0x00000000d9c80000)
  to   space 7680K, 0% used [0x00000000ddb00000,0x00000000ddb00000,0x00000000de280000)
 ParOldGen       total 86016K, used 5681K [0x0000000080000000, 0x0000000085400000, 0x00000000d5580000)
  object space 86016K, 6% used [0x0000000080000000,0x000000008058c7f8,0x0000000085400000)
 Metaspace       used 20814K, capacity 21072K, committed 21296K, reserved 1069056K
  class space    used 2313K, capacity 2424K, committed 2432K, reserved 1048576K
Event: 7.801 GC heap after
Heap after GC invocations=8 (full 1):
 PSYoungGen      total 72704K, used 0K [0x00000000d5580000, 0x00000000de280000, 0x0000000100000000)
  eden space 64512K, 0% used [0x00000000d5580000,0x00000000d5580000,0x00000000d9480000)
  from space 8192K, 0% used [0x00000000d9480000,0x00000000d9480000,0x00000000d9c80000)
  to   space 7680K, 0% used [0x00000000ddb00000,0x00000000ddb00000,0x00000000de280000)
 ParOldGen       total 61952K, used 9854K [0x0000000080000000, 0x0000000083c80000, 0x00000000d5580000)
  object space 61952K, 15% used [0x0000000080000000,0x000000008099f8c8,0x0000000083c80000)
 Metaspace       used 20814K, capacity 21072K, committed 21296K, reserved 1069056K
  class space    used 2313K, capacity 2424K, committed 2432K, reserved 1048576K
}
Event: 8.566 GC heap before
{Heap before GC invocations=9 (full 1):
 PSYoungGen      total 72704K, used 64512K [0x00000000d5580000, 0x00000000de280000, 0x0000000100000000)
  eden space 64512K, 100% used [0x00000000d5580000,0x00000000d9480000,0x00000000d9480000)
  from space 8192K, 0% used [0x00000000d9480000,0x00000000d9480000,0x00000000d9c80000)
  to   space 7680K, 0% used [0x00000000ddb00000,0x00000000ddb00000,0x00000000de280000)
 ParOldGen       total 61952K, used 9854K [0x0000000080000000, 0x0000000083c80000, 0x00000000d5580000)
  object space 61952K, 15% used [0x0000000080000000,0x000000008099f8c8,0x0000000083c80000)
 Metaspace       used 21864K, capacity 22200K, committed 22448K, reserved 1069056K
  class space    used 2415K, capacity 2541K, committed 2560K, reserved 1048576K
Event: 8.572 GC heap after
Heap after GC invocations=9 (full 1):
 PSYoungGen      total 97792K, used 2461K [0x00000000d5580000, 0x00000000ddd80000, 0x0000000100000000)
  eden space 95232K, 0% used [0x00000000d5580000,0x00000000d5580000,0x00000000db280000)
  from space 2560K, 96% used [0x00000000ddb00000,0x00000000ddd675e8,0x00000000ddd80000)
  to   space 8192K, 0% used [0x00000000dcd80000,0x00000000dcd80000,0x00000000dd580000)
 ParOldGen       total 61952K, used 9862K [0x0000000080000000, 0x0000000083c80000, 0x00000000d5580000)
  object space 61952K, 15% used [0x0000000080000000,0x00000000809a18c8,0x0000000083c80000)
 Metaspace       used 21864K, capacity 22200K, committed 22448K, reserved 1069056K
  class space    used 2415K, capacity 2541K, committed 2560K, reserved 1048576K
}
Event: 9.388 GC heap before
{Heap before GC invocations=10 (full 1):
 PSYoungGen      total 97792K, used 97693K [0x00000000d5580000, 0x00000000ddd80000, 0x0000000100000000)
  eden space 95232K, 100% used [0x00000000d5580000,0x00000000db280000,0x00000000db280000)
  from space 2560K, 96% used [0x00000000ddb00000,0x00000000ddd675e8,0x00000000ddd80000)
  to   space 8192K, 0% used [0x00000000dcd80000,0x00000000dcd80000,0x00000000dd580000)
 ParOldGen       total 61952K, used 9862K [0x0000000080000000, 0x0000000083c80000, 0x00000000d5580000)
  object space 61952K, 15% used [0x0000000080000000,0x00000000809a18c8,0x0000000083c80000)
 Metaspace       used 22412K, capacity 22708K, committed 23088K, reserved 1069056K
  class space    used 2460K, capacity 2581K, committed 2688K, reserved 1048576K
Event: 9.401 GC heap after
Heap after GC invocations=10 (full 1):
 PSYoungGen      total 131072K, used 6080K [0x00000000d5580000, 0x00000000ddf00000, 0x0000000100000000)
  eden space 122880K, 0% used [0x00000000d5580000,0x00000000d5580000,0x00000000dcd80000)
  from space 8192K, 74% used [0x00000000dcd80000,0x00000000dd370268,0x00000000dd580000)
  to   space 8192K, 0% used [0x00000000dd700000,0x00000000dd700000,0x00000000ddf00000)
 ParOldGen       total 61952K, used 9862K [0x0000000080000000, 0x0000000083c80000, 0x00000000d5580000)
  object space 61952K, 15% used [0x0000000080000000,0x00000000809a18c8,0x0000000083c80000)
 Metaspace       used 22412K, capacity 22708K, committed 23088K, reserved 1069056K
  class space    used 2460K, capacity 2581K, committed 2688K, reserved 1048576K
}
Event: 19.588 GC heap before
{Heap before GC invocations=11 (full 1):
 PSYoungGen      total 131072K, used 128960K [0x00000000d5580000, 0x00000000ddf00000, 0x0000000100000000)
  eden space 122880K, 100% used [0x00000000d5580000,0x00000000dcd80000,0x00000000dcd80000)
  from space 8192K, 74% used [0x00000000dcd80000,0x00000000dd370268,0x00000000dd580000)
  to   space 8192K, 0% used [0x00000000dd700000,0x00000000dd700000,0x00000000ddf00000)
 ParOldGen       total 61952K, used 9862K [0x0000000080000000, 0x0000000083c80000, 0x00000000d5580000)
  object space 61952K, 15% used [0x0000000080000000,0x00000000809a18c8,0x0000000083c80000)
 Metaspace       used 30227K, capacity 31092K, committed 31360K, reserved 1077248K
  class space    used 3599K, capacity 3863K, committed 3968K, reserved 1048576K
Event: 19.614 GC heap after
Heap after GC invocations=11 (full 1):
 PSYoungGen      total 129536K, used 8188K [0x00000000d5580000, 0x00000000e0400000, 0x0000000100000000)
  eden space 121344K, 0% used [0x00000000d5580000,0x00000000d5580000,0x00000000dcc00000)
  from space 8192K, 99% used [0x00000000dd700000,0x00000000ddeff190,0x00000000ddf00000)
  to   space 11264K, 0% used [0x00000000dcc00000,0x00000000dcc00000,0x00000000dd700000)
 ParOldGen       total 61952K, used 15931K [0x0000000080000000, 0x0000000083c80000, 0x00000000d5580000)
  object space 61952K, 25% used [0x0000000080000000,0x0000000080f8edf8,0x0000000083c80000)
 Metaspace       used 30227K, capacity 31092K, committed 31360K, reserved 1077248K
  class space    used 3599K, capacity 3863K, committed 3968K, reserved 1048576K
}

